<?xml version="1.0" encoding="UTF-8"?>
<testsuite xmlns:xsi="http://www.w3.org/2001/XMLSchema-instance" xsi:noNamespaceSchemaLocation="https://maven.apache.org/surefire/maven-surefire-plugin/xsd/surefire-test-report.xsd" version="3.0.2" name="com.sdd.taskmanager.controller.TaskControllerTest" time="8.67" tests="3" errors="0" skipped="0" failures="0">
  <properties>
[...]
</properties>
  <testcase name="shouldReturnBadRequestWhenTitleIsMissing" classname="com.sdd.taskmanager.controller.TaskControllerTest" time="0.797">
    <system-out><![CDATA[17:48:46.986 [main] INFO org.springframework.test.context.support.AnnotationConfigContextLoaderUtils -- Could not detect default configuration classes for test class [com.sdd.taskmanager.controller.TaskControllerTest]: TaskControllerTest does not declare any static, non-private, non-final, nested classes annotated with @Configuration.
17:48:47.402 [main] INFO org.springframework.boot.test.context.SpringBootTestContextBootstrapper -- Found @SpringBootConfiguration com.sdd.taskmanager.TaskManagerApiApplication for test class com.sdd.taskmanager.controller.TaskControllerTest

  .   ____          _            __ _ _
 /\\ / ___'_ __ _ _(_)_ __  __ _ \ \ \ \
( ( )\___ | '_ | '_| | '_ \/ _` | \ \ \ \
 \\/  ___)| |_)| | | | | || (_| |  ) ) ) )
  '  |____| .__|_| |_|_| |_\__, | / / / /
 =========|_|==============|___/=/_/_/_/

 :: Spring Boot ::                (v3.5.8)

2025-12-11T17:48:48.775+01:00  INFO 615250 --- [task-manager-api] [           main] c.s.t.controller.TaskControllerTest      : Starting TaskControllerTest using Java 25 with PID 615250 (started by a208574 in /home/a208574/workspace/sdd)
2025-12-11T17:48:48.778+01:00  INFO 615250 --- [task-manager-api] [           main] c.s.t.controller.TaskControllerTest      : No active profile set, falling back to 1 default profile: "default"
2025-12-11T17:48:53.935+01:00  INFO 615250 --- [task-manager-api] [           main] o.s.b.t.m.w.SpringBootMockServletContext : Initializing Spring TestDispatcherServlet ''
2025-12-11T17:48:53.936+01:00  INFO 615250 --- [task-manager-api] [           main] o.s.t.web.servlet.TestDispatcherServlet  : Initializing Servlet ''
2025-12-11T17:48:53.947+01:00  INFO 615250 --- [task-manager-api] [           main] o.s.t.web.servlet.TestDispatcherServlet  : Completed initialization in 8 ms
2025-12-11T17:48:54.060+01:00  INFO 615250 --- [task-manager-api] [           main] c.s.t.controller.TaskControllerTest      : Started TaskControllerTest in 6.498 seconds (process running for 9.387)
2025-12-11T17:48:54.738+01:00  WARN 615250 --- [task-manager-api] [           main] .w.s.m.s.DefaultHandlerExceptionResolver : Resolved [org.springframework.web.bind.MethodArgumentNotValidException: Validation failed for argument [0] in public org.springframework.http.ResponseEntity<com.sdd.taskmanager.model.Task> com.sdd.taskmanager.controller.TaskController.createTask(com.sdd.taskmanager.dto.CreateTaskRequest): [Field error in object 'createTaskRequest' on field 'title': rejected value [null]; codes [NotBlank.createTaskRequest.title,NotBlank.title,NotBlank.java.lang.String,NotBlank]; arguments [org.springframework.context.support.DefaultMessageSourceResolvable: codes [createTaskRequest.title,title]; arguments []; default message [title]]; default message [Title cannot be empty]] ]
]]></system-out>
    <system-err><![CDATA[Mockito is currently self-attaching to enable the inline-mock-maker. This will no longer work in future releases of the JDK. Please add Mockito as an agent to your build as described in Mockito's documentation: https://javadoc.io/doc/org.mockito/mockito-core/latest/org.mockito/org/mockito/Mockito.html#0.3
WARNING: A Java agent has been loaded dynamically (/home/a208574/.m2/repository/net/bytebuddy/byte-buddy-agent/1.17.8/byte-buddy-agent-1.17.8.jar)
WARNING: If a serviceability tool is in use, please run with -XX:+EnableDynamicAgentLoading to hide this warning
WARNING: If a serviceability tool is not in use, please run with -Djdk.instrument.traceUsage for more information
WARNING: Dynamic loading of agents will be disallowed by default in a future release
]]></system-err>
  </testcase>
  <testcase name="shouldGetAllTasks" classname="com.sdd.taskmanager.controller.TaskControllerTest" time="0.232"/>
  <testcase name="shouldCreateTaskAndReturnCreatedStatus" classname="com.sdd.taskmanager.controller.TaskControllerTest" time="0.074"/>
</testsuite>